\BOOKMARK [0][-]{chapter.1}{\376\377\000P\000r\000e\000f\000a\000c\000e}{}% 1
\BOOKMARK [1][-]{section.1.1}{\376\377\000W\000h\000y\000\040\000t\000h\000i\000s\000\040\000b\000o\000o\000k\000?}{chapter.1}% 2
\BOOKMARK [1][-]{section.1.2}{\376\377\000W\000h\000o\000\040\000s\000h\000o\000u\000l\000d\000\040\000r\000e\000a\000d\000\040\000t\000h\000i\000s\000\040\000b\000o\000o\000k\000?}{chapter.1}% 3
\BOOKMARK [1][-]{section.1.3}{\376\377\000A\000c\000k\000n\000o\000w\000l\000o\000d\000g\000e\000m\000e\000n\000t\000s}{chapter.1}% 4
\BOOKMARK [0][-]{chapter.2}{\376\377\000A\000u\000t\000o\000m\000a\000t\000i\000c\000a\000l\000l\000y\000\040\000R\000e\000g\000i\000s\000t\000e\000r\000\040\000A\000l\000l\000\040\000M\000o\000d\000e\000l\000s\000\040\000I\000n\000\040\000A\000d\000m\000i\000n}{}% 5
\BOOKMARK [0][-]{chapter.3}{\376\377\000C\000u\000s\000t\000o\000m\000\040\000A\000d\000m\000i\000n\000\040\000A\000c\000t\000i\000o\000n\000s\000\040\000F\000o\000r\000\040\000Q\000u\000e\000r\000y\000s\000e\000t\000s\000\040\000\046\000\040\000I\000n\000d\000i\000v\000i\000d\000u\000a\000l\000\040\000O\000b\000j\000e\000c\000t\000s}{}% 6
\BOOKMARK [1][-]{section.3.1}{\376\377\000C\000u\000s\000t\000o\000m\000\040\000A\000c\000t\000i\000o\000n\000s\000\040\000O\000n\000\040\000Q\000u\000e\000r\000y\000s\000e\000t\000s}{chapter.3}% 7
\BOOKMARK [0][-]{chapter.4}{\376\377\000H\000y\000p\000e\000r\000l\000i\000n\000k\000\040\000F\000o\000r\000e\000i\000g\000n\000k\000e\000y\000s\000\040\000T\000o\000\040\000I\000t\000s\000\040\000C\000h\000a\000n\000g\000e\000\040\000V\000i\000e\000w\000\040\000I\000n\000\040\000A\000d\000m\000i\000n}{}% 8
\BOOKMARK [0][-]{chapter.5}{\376\377\000A\000l\000l\000o\000w\000\040\000F\000o\000r\000e\000i\000g\000n\000K\000e\000y\000\040\000F\000i\000e\000l\000d\000s\000\040\000I\000n\000\040\000A\000d\000m\000i\000n\000\040\000L\000i\000s\000t\000\040\000D\000i\000s\000p\000l\000a\000y}{}% 9
\BOOKMARK [0][-]{chapter.6}{\376\377\000F\000i\000n\000d\000i\000n\000g\000\040\000H\000i\000g\000h\000-\000i\000m\000p\000a\000c\000t\000\040\000P\000e\000r\000f\000o\000r\000m\000a\000n\000c\000e\000\040\000B\000o\000t\000t\000l\000e\000n\000e\000c\000k\000s}{}% 10
\BOOKMARK [0][-]{chapter.7}{\376\377\000D\000y\000n\000a\000m\000i\000c\000\040\000I\000n\000i\000t\000i\000a\000l\000\040\000V\000a\000l\000u\000e\000s\000\040\000I\000n\000\040\000F\000o\000r\000m\000s}{}% 11
\BOOKMARK [0][-]{chapter.8}{\376\377\000M\000a\000n\000a\000g\000e\000m\000e\000n\000t\000\040\000c\000o\000m\000m\000a\000n\000d\000s}{}% 12
\BOOKMARK [0][-]{chapter.9}{\376\377\000A\000u\000t\000o\000m\000a\000t\000i\000c\000a\000l\000l\000y\000\040\000S\000e\000t\000\040\000C\000S\000R\000F\000\040\000T\000o\000k\000e\000n\000\040\000i\000n\000\040\000P\000o\000s\000t\000m\000a\000n}{}% 13
\BOOKMARK [0][-]{chapter.10}{\376\377\000P\000r\000o\000f\000i\000l\000i\000n\000g\000\040\000s\000l\000o\000w\000e\000s\000t\000\040\000p\000a\000r\000t\000s\000\040\000o\000f\000\040\000d\000a\000n\000g\000o}{}% 14
\BOOKMARK [0][-]{chapter.11}{\376\377\000L\000o\000g\000\040\000S\000Q\000L\000\040\000Q\000u\000e\000r\000i\000e\000s\000\040\000T\000o\000\040\000C\000o\000n\000s\000o\000l\000e}{}% 15
\BOOKMARK [1][-]{section.11.1}{\376\377\000U\000s\000i\000n\000g\000\040\000d\000e\000b\000u\000g\000-\000t\000o\000o\000l\000b\000a\000r}{chapter.11}% 16
\BOOKMARK [1][-]{section.11.2}{\376\377\000U\000s\000i\000n\000g\000\040\000d\000j\000a\000n\000g\000o\000-\000e\000x\000t\000e\000n\000s\000i\000o\000n\000s}{chapter.11}% 17
\BOOKMARK [0][-]{chapter.12}{\376\377\000O\000R\000M\000\040\000G\000o\000t\000c\000h\000a\000s}{}% 18
\BOOKMARK [1][-]{section.12.1}{\376\377\000C\000a\000c\000h\000i\000n\000g}{chapter.12}% 19
\BOOKMARK [1][-]{section.12.2}{\376\377\000E\000a\000g\000e\000r\000\040\000e\000v\000a\000l\000u\000a\000t\000i\000o\000n}{chapter.12}% 20
\BOOKMARK [1][-]{section.12.3}{\376\377\000L\000a\000z\000y\000\040\000e\000v\000a\000l\000u\000a\000t\000i\000o\000n}{chapter.12}% 21
\BOOKMARK [0][-]{chapter.13}{\376\377\000A\000p\000p\000e\000n\000d\000i\000x\000\040\000A}{}% 22
\BOOKMARK [1][-]{section.13.1}{\376\377\000S\000h\000e\000l\000l}{chapter.13}% 23
\BOOKMARK [1][-]{section.13.2}{\376\377\000i\000P\000y\000t\000h\000o\000n}{chapter.13}% 24
